[Mon Jul  6 21:53:30 2026] PHP 8.3.6 Development Server (http://localhost:8000) started
[Mon Jul  6 21:54:31 2026] [::1]:58560 Accepted
[Mon Jul  6 21:54:32 2026] [::1]:58560 [200]: GET /index.php
[Mon Jul  6 21:54:32 2026] [::1]:58560 Closing
[Mon Jul  6 21:54:32 2026] [::1]:58576 Accepted
[Mon Jul  6 21:54:32 2026] [::1]:58580 Accepted
[Mon Jul  6 21:54:32 2026] [::1]:58576 [200]: GET /style.css
[Mon Jul  6 21:54:32 2026] [::1]:58580 [200]: GET /Figth.png
[Mon Jul  6 21:54:32 2026] [::1]:58576 Closing
[Mon Jul  6 21:54:32 2026] [::1]:58580 Closing
[Mon Jul  6 21:54:32 2026] [::1]:58594 Accepted
[Mon Jul  6 21:54:32 2026] [::1]:58594 [200]: GET /FigthPubClaro.png
[Mon Jul  6 21:54:32 2026] [::1]:58594 Closing
[Mon Jul  6 21:54:36 2026] [::1]:43358 Accepted
[Mon Jul  6 21:54:36 2026] [::1]:43358 [200]: GET /login.php
[Mon Jul  6 21:54:36 2026] [::1]:43358 Closing
[Mon Jul  6 21:54:36 2026] [::1]:43372 Accepted
[Mon Jul  6 21:54:36 2026] [::1]:43388 Accepted
[Mon Jul  6 21:54:36 2026] [::1]:43372 [200]: GET /style.css
[Mon Jul  6 21:54:36 2026] [::1]:43372 Closing
[Mon Jul  6 21:54:36 2026] [::1]:43388 [200]: GET /Figth.png
[Mon Jul  6 21:54:36 2026] [::1]:43388 Closing
[Mon Jul  6 21:54:36 2026] [::1]:43404 Accepted
[Mon Jul  6 21:54:36 2026] [::1]:43404 [200]: GET /FigthPubClaro.png
[Mon Jul  6 21:54:36 2026] [::1]:43404 Closing
[Mon Jul  6 21:56:18 2026] [::1]:40760 Accepted
[Mon Jul  6 21:56:18 2026] [::1]:40760 [200]: GET /index.php
[Mon Jul  6 21:56:18 2026] [::1]:40760 Closing
[Mon Jul  6 21:56:18 2026] [::1]:40774 Accepted
[Mon Jul  6 21:56:18 2026] [::1]:40780 Accepted
[Mon Jul  6 21:56:18 2026] [::1]:40774 [200]: GET /style.css
[Mon Jul  6 21:56:18 2026] [::1]:40780 [200]: GET /Figth.png
[Mon Jul  6 21:56:18 2026] [::1]:40774 Closing
[Mon Jul  6 21:56:18 2026] [::1]:40780 Closing
[Mon Jul  6 21:56:18 2026] [::1]:40786 Accepted
[Mon Jul  6 21:56:18 2026] [::1]:40786 [200]: GET /FigthPubClaro.png
[Mon Jul  6 21:56:18 2026] [::1]:40786 Closing
[Mon Jul  6 21:56:22 2026] [::1]:40798 Accepted
[Mon Jul  6 21:56:22 2026] [::1]:40798 [200]: GET /login.php
[Mon Jul  6 21:56:22 2026] [::1]:40798 Closing
[Mon Jul  6 21:56:22 2026] [::1]:40814 Accepted
[Mon Jul  6 21:56:22 2026] [::1]:40818 Accepted
[Mon Jul  6 21:56:22 2026] [::1]:40814 [200]: GET /style.css
[Mon Jul  6 21:56:22 2026] [::1]:40818 [200]: GET /Figth.png
[Mon Jul  6 21:56:22 2026] [::1]:40814 Closing
[Mon Jul  6 21:56:22 2026] [::1]:40818 Closing
[Mon Jul  6 21:56:22 2026] [::1]:40830 Accepted
[Mon Jul  6 21:56:22 2026] [::1]:40830 [200]: GET /FigthPubClaro.png
[Mon Jul  6 21:56:22 2026] [::1]:40830 Closing
[Mon Jul  6 21:56:24 2026] [::1]:40840 Accepted
[Mon Jul  6 21:56:24 2026] [::1]:40840 [200]: POST /login.php
[Mon Jul  6 21:56:24 2026] [::1]:40840 Closing
[Mon Jul  6 21:56:24 2026] [::1]:40854 Accepted
[Mon Jul  6 21:56:24 2026] [::1]:40862 Accepted
[Mon Jul  6 21:56:24 2026] [::1]:40854 [200]: GET /style.css
[Mon Jul  6 21:56:24 2026] [::1]:40862 [200]: GET /Figth.png
[Mon Jul  6 21:56:24 2026] [::1]:40854 Closing
[Mon Jul  6 21:56:24 2026] [::1]:40862 Closing
[Mon Jul  6 21:56:24 2026] [::1]:40874 Accepted
[Mon Jul  6 21:56:24 2026] [::1]:40874 [200]: GET /FigthPubClaro.png
[Mon Jul  6 21:56:24 2026] [::1]:40874 Closing
[Mon Jul  6 21:56:25 2026] [::1]:43828 Accepted
[Mon Jul  6 21:56:25 2026] PHP Warning:  Cannot modify header information - headers already sent by (output started at /app/header.php:116) in /app/admin.php on line 7
[Mon Jul  6 21:56:25 2026] [::1]:43828 [200]: GET /admin.php
[Mon Jul  6 21:56:25 2026] [::1]:43828 Closing
[Mon Jul  6 21:56:25 2026] [::1]:43844 Accepted
[Mon Jul  6 21:56:25 2026] [::1]:43858 Accepted
[Mon Jul  6 21:56:25 2026] [::1]:43844 [200]: GET /style.css
[Mon Jul  6 21:56:25 2026] [::1]:43858 [200]: GET /Figth.png
[Mon Jul  6 21:56:25 2026] [::1]:43844 Closing
[Mon Jul  6 21:56:25 2026] [::1]:43858 Closing
[Mon Jul  6 21:56:25 2026] [::1]:43874 Accepted
[Mon Jul  6 21:56:25 2026] [::1]:43874 [200]: GET /FigthPubClaro.png
[Mon Jul  6 21:56:25 2026] [::1]:43874 Closing
